[debug] [2025-07-21T11:19:39.095Z] ----------------------------------------------------------------------
[debug] [2025-07-21T11:19:39.096Z] Command:       C:\Program Files\nodejs\node.exe C:\Users\ACER\AppData\Roaming\npm\node_modules\firebase-tools\lib\bin\firebase.js init
[debug] [2025-07-21T11:19:39.097Z] CLI Version:   14.11.0
[debug] [2025-07-21T11:19:39.097Z] Platform:      win32
[debug] [2025-07-21T11:19:39.097Z] Node Version:  v22.16.0
[debug] [2025-07-21T11:19:39.097Z] Time:          Mon Jul 21 2025 18:19:39 GMT+0700 (Western Indonesia Time)
[debug] [2025-07-21T11:19:39.097Z] ----------------------------------------------------------------------
[debug] 
[debug] [2025-07-21T11:19:39.101Z] > command requires scopes: ["email","openid","https://www.googleapis.com/auth/cloudplatformprojects.readonly","https://www.googleapis.com/auth/firebase","https://www.googleapis.com/auth/cloud-platform"]
[debug] [2025-07-21T11:19:39.101Z] > authorizing via signed-in user (rizkymaulanahendradi677@gmail.com)
[info] 
     ######## #### ########  ######## ########     ###     ######  ########
     ##        ##  ##     ## ##       ##     ##  ##   ##  ##       ##
     ######    ##  ########  ######   ########  #########  ######  ######
     ##        ##  ##    ##  ##       ##     ## ##     ##       ## ##
     ##       #### ##     ## ######## ########  ##     ##  ######  ########

You're about to initialize a Firebase project in this directory:

  D:\coba

[debug] [2025-07-21T11:22:57.997Z] ----------------------------------------------------------------------
[debug] [2025-07-21T11:22:57.999Z] Command:       C:\Program Files\nodejs\node.exe C:\Users\ACER\AppData\Roaming\npm\node_modules\firebase-tools\lib\bin\firebase.js init
[debug] [2025-07-21T11:22:57.999Z] CLI Version:   14.11.0
[debug] [2025-07-21T11:22:57.999Z] Platform:      win32
[debug] [2025-07-21T11:22:57.999Z] Node Version:  v22.16.0
[debug] [2025-07-21T11:22:58.000Z] Time:          Mon Jul 21 2025 18:22:58 GMT+0700 (Western Indonesia Time)
[debug] [2025-07-21T11:22:58.000Z] ----------------------------------------------------------------------
[debug] 
[debug] [2025-07-21T11:22:58.004Z] > command requires scopes: ["email","openid","https://www.googleapis.com/auth/cloudplatformprojects.readonly","https://www.googleapis.com/auth/firebase","https://www.googleapis.com/auth/cloud-platform"]
[debug] [2025-07-21T11:22:58.004Z] > authorizing via signed-in user (rizkymaulanahendradi677@gmail.com)
[info] 
     ######## #### ########  ######## ########     ###     ######  ########
     ##        ##  ##     ## ##       ##     ##  ##   ##  ##       ##
     ######    ##  ########  ######   ########  #########  ######  ######
     ##        ##  ##    ##  ##       ##     ## ##     ##       ## ##
     ##       #### ##     ## ######## ########  ##     ##  ######  ########

You're about to initialize a Firebase project in this directory:

  D:\coba

[info] 
=== Project Setup
[info] 
[info] First, let's associate this project directory with a Firebase project.
[info] You can create multiple project aliases by running firebase use --add, 
[info] but for now we'll just set up a default project.
[info] 
[info] i  If you want to create a project in a Google Cloud organization or folder, please use "firebase projects:create" instead, and return to this command when you've created the project. 
[debug] [2025-07-21T11:25:28.668Z] Checked if tokens are valid: false, expires at: 1753097848398
[debug] [2025-07-21T11:25:28.669Z] Checked if tokens are valid: false, expires at: 1753097848398
[debug] [2025-07-21T11:25:28.669Z] > refreshing access token with scopes: []
[debug] [2025-07-21T11:25:28.675Z] >>> [apiv2][query] POST https://www.googleapis.com/oauth2/v3/token [none]
[debug] [2025-07-21T11:25:28.675Z] >>> [apiv2][body] POST https://www.googleapis.com/oauth2/v3/token [omitted]
[debug] [2025-07-21T11:25:29.040Z] <<< [apiv2][status] POST https://www.googleapis.com/oauth2/v3/token 200
[debug] [2025-07-21T11:25:29.041Z] <<< [apiv2][body] POST https://www.googleapis.com/oauth2/v3/token [omitted]
[debug] [2025-07-21T11:25:29.049Z] >>> [apiv2][query] POST https://firebase.googleapis.com/v1/projects:checkProjectId [none]
[debug] [2025-07-21T11:25:29.050Z] >>> [apiv2][body] POST https://firebase.googleapis.com/v1/projects:checkProjectId {"proposedId":"ESP32Web"}
[debug] [2025-07-21T11:25:30.454Z] <<< [apiv2][status] POST https://firebase.googleapis.com/v1/projects:checkProjectId 200
[debug] [2025-07-21T11:25:30.454Z] <<< [apiv2][body] POST https://firebase.googleapis.com/v1/projects:checkProjectId {"projectIdStatus":"PROJECT_ID_NOT_VALID","suggestedProjectId":"esp32web-431a7"}
[debug] [2025-07-21T11:25:31.856Z] Checked if tokens are valid: true, expires at: 1753100728041
[debug] [2025-07-21T11:25:31.856Z] Checked if tokens are valid: true, expires at: 1753100728041
[debug] [2025-07-21T11:25:31.858Z] >>> [apiv2][query] POST https://firebase.googleapis.com/v1/projects:checkProjectId [none]
[debug] [2025-07-21T11:25:31.858Z] >>> [apiv2][body] POST https://firebase.googleapis.com/v1/projects:checkProjectId {"proposedId":"ESP32Web"}
[debug] [2025-07-21T11:25:32.364Z] <<< [apiv2][status] POST https://firebase.googleapis.com/v1/projects:checkProjectId 200
[debug] [2025-07-21T11:25:32.365Z] <<< [apiv2][body] POST https://firebase.googleapis.com/v1/projects:checkProjectId {"projectIdStatus":"PROJECT_ID_NOT_VALID","suggestedProjectId":"esp32web-de90e"}
[debug] [2025-07-21T11:25:45.937Z] Checked if tokens are valid: true, expires at: 1753100728041
[debug] [2025-07-21T11:25:45.937Z] Checked if tokens are valid: true, expires at: 1753100728041
[debug] [2025-07-21T11:25:45.939Z] >>> [apiv2][query] POST https://firebase.googleapis.com/v1/projects:checkProjectId [none]
[debug] [2025-07-21T11:25:45.940Z] >>> [apiv2][body] POST https://firebase.googleapis.com/v1/projects:checkProjectId {"proposedId":"MonitoringSuhu"}
[debug] [2025-07-21T11:25:46.454Z] <<< [apiv2][status] POST https://firebase.googleapis.com/v1/projects:checkProjectId 200
[debug] [2025-07-21T11:25:46.456Z] <<< [apiv2][body] POST https://firebase.googleapis.com/v1/projects:checkProjectId {"projectIdStatus":"PROJECT_ID_NOT_VALID","suggestedProjectId":"monitoringsuhu-3522d"}
[debug] [2025-07-21T11:25:48.487Z] Checked if tokens are valid: true, expires at: 1753100728041
[debug] [2025-07-21T11:25:48.488Z] Checked if tokens are valid: true, expires at: 1753100728041
[debug] [2025-07-21T11:25:48.490Z] >>> [apiv2][query] POST https://firebase.googleapis.com/v1/projects:checkProjectId [none]
[debug] [2025-07-21T11:25:48.491Z] >>> [apiv2][body] POST https://firebase.googleapis.com/v1/projects:checkProjectId {"proposedId":"MonitoringSuhu"}
[debug] [2025-07-21T11:25:49.157Z] <<< [apiv2][status] POST https://firebase.googleapis.com/v1/projects:checkProjectId 200
[debug] [2025-07-21T11:25:49.157Z] <<< [apiv2][body] POST https://firebase.googleapis.com/v1/projects:checkProjectId {"projectIdStatus":"PROJECT_ID_NOT_VALID","suggestedProjectId":"monitoringsuhu-be70e"}
[debug] [2025-07-21T11:26:00.325Z] Checked if tokens are valid: true, expires at: 1753100728041
[debug] [2025-07-21T11:26:00.325Z] Checked if tokens are valid: true, expires at: 1753100728041
[debug] [2025-07-21T11:26:00.331Z] >>> [apiv2][query] POST https://firebase.googleapis.com/v1/projects:checkProjectId [none]
[debug] [2025-07-21T11:26:00.331Z] >>> [apiv2][body] POST https://firebase.googleapis.com/v1/projects:checkProjectId {"proposedId":"MonitoringSuhu-be70"}
[debug] [2025-07-21T11:26:00.651Z] <<< [apiv2][status] POST https://firebase.googleapis.com/v1/projects:checkProjectId 200
[debug] [2025-07-21T11:26:00.651Z] <<< [apiv2][body] POST https://firebase.googleapis.com/v1/projects:checkProjectId {"projectIdStatus":"PROJECT_ID_NOT_VALID","suggestedProjectId":"monitoringsuhu-be70"}
[debug] [2025-07-21T11:26:08.102Z] Checked if tokens are valid: true, expires at: 1753100728041
[debug] [2025-07-21T11:26:08.102Z] Checked if tokens are valid: true, expires at: 1753100728041
[debug] [2025-07-21T11:26:08.106Z] >>> [apiv2][query] POST https://firebase.googleapis.com/v1/projects:checkProjectId [none]
[debug] [2025-07-21T11:26:08.106Z] >>> [apiv2][body] POST https://firebase.googleapis.com/v1/projects:checkProjectId {"proposedId":"monitoringsuhu-be70"}
[debug] [2025-07-21T11:26:08.451Z] <<< [apiv2][status] POST https://firebase.googleapis.com/v1/projects:checkProjectId 200
[debug] [2025-07-21T11:26:08.452Z] <<< [apiv2][body] POST https://firebase.googleapis.com/v1/projects:checkProjectId {"projectIdStatus":"PROJECT_ID_AVAILABLE","suggestedProjectId":"monitoringsuhu-be70"}
[debug] [2025-07-21T11:26:21.358Z] Checked if tokens are valid: true, expires at: 1753100728041
[debug] [2025-07-21T11:26:21.358Z] Checked if tokens are valid: true, expires at: 1753100728041
[debug] [2025-07-21T11:26:21.359Z] >>> [apiv2][query] POST https://cloudresourcemanager.googleapis.com/v1/projects [none]
[debug] [2025-07-21T11:26:21.359Z] >>> [apiv2][body] POST https://cloudresourcemanager.googleapis.com/v1/projects {"projectId":"monitoringsuhu-be70","name":"monitoringsuhurumah"}
[debug] [2025-07-21T11:26:22.650Z] <<< [apiv2][status] POST https://cloudresourcemanager.googleapis.com/v1/projects 200
[debug] [2025-07-21T11:26:22.650Z] <<< [apiv2][body] POST https://cloudresourcemanager.googleapis.com/v1/projects {"name":"operations/create_project.global.6237234626033444034"}
[debug] [2025-07-21T11:26:22.653Z] Checked if tokens are valid: true, expires at: 1753100728041
[debug] [2025-07-21T11:26:22.653Z] Checked if tokens are valid: true, expires at: 1753100728041
[debug] [2025-07-21T11:26:22.654Z] >>> [apiv2][query] GET https://cloudresourcemanager.googleapis.com/v1/operations/create_project.global.6237234626033444034 [none]
[debug] [2025-07-21T11:26:23.800Z] <<< [apiv2][status] GET https://cloudresourcemanager.googleapis.com/v1/operations/create_project.global.6237234626033444034 200
[debug] [2025-07-21T11:26:23.800Z] <<< [apiv2][body] GET https://cloudresourcemanager.googleapis.com/v1/operations/create_project.global.6237234626033444034 {"name":"operations/create_project.global.6237234626033444034"}
[debug] [2025-07-21T11:26:24.308Z] [Project Creation Poller] Retrying task index 0
[debug] [2025-07-21T11:26:24.310Z] Checked if tokens are valid: true, expires at: 1753100728041
[debug] [2025-07-21T11:26:24.311Z] Checked if tokens are valid: true, expires at: 1753100728041
[debug] [2025-07-21T11:26:24.311Z] >>> [apiv2][query] GET https://cloudresourcemanager.googleapis.com/v1/operations/create_project.global.6237234626033444034 [none]
[debug] [2025-07-21T11:26:24.588Z] <<< [apiv2][status] GET https://cloudresourcemanager.googleapis.com/v1/operations/create_project.global.6237234626033444034 200
[debug] [2025-07-21T11:26:24.588Z] <<< [apiv2][body] GET https://cloudresourcemanager.googleapis.com/v1/operations/create_project.global.6237234626033444034 {"name":"operations/create_project.global.6237234626033444034","metadata":{"@type":"type.googleapis.com/google.cloudresourcemanager.v1.ProjectCreationStatus","gettable":true,"ready":true},"done":true,"response":{"@type":"type.googleapis.com/google.cloudresourcemanager.v1.Project","projectNumber":"287708063515","projectId":"monitoringsuhu-be70","lifecycleState":"ACTIVE","name":"monitoringsuhurumah","createTime":"2025-07-21T11:26:25.679925Z"}}
[debug] [2025-07-21T11:26:24.591Z] Checked if tokens are valid: true, expires at: 1753100728041
[debug] [2025-07-21T11:26:24.591Z] Checked if tokens are valid: true, expires at: 1753100728041
[debug] [2025-07-21T11:26:24.591Z] >>> [apiv2][query] POST https://firebase.googleapis.com/v1beta1/projects/monitoringsuhu-be70:addFirebase [none]
[debug] [2025-07-21T11:26:28.151Z] <<< [apiv2][status] POST https://firebase.googleapis.com/v1beta1/projects/monitoringsuhu-be70:addFirebase 200
[debug] [2025-07-21T11:26:28.151Z] <<< [apiv2][body] POST https://firebase.googleapis.com/v1beta1/projects/monitoringsuhu-be70:addFirebase {"name":"operations/workflows/M2ViYmRjN2EtODQyZS00NGQ5LTlmMDUtYjIzNmFmODcwYjhm"}
[debug] [2025-07-21T11:26:28.151Z] Checked if tokens are valid: true, expires at: 1753100728041
[debug] [2025-07-21T11:26:28.151Z] Checked if tokens are valid: true, expires at: 1753100728041
[debug] [2025-07-21T11:26:28.152Z] >>> [apiv2][query] GET https://firebase.googleapis.com/v1beta1/operations/workflows/M2ViYmRjN2EtODQyZS00NGQ5LTlmMDUtYjIzNmFmODcwYjhm [none]
[debug] [2025-07-21T11:26:29.334Z] <<< [apiv2][status] GET https://firebase.googleapis.com/v1beta1/operations/workflows/M2ViYmRjN2EtODQyZS00NGQ5LTlmMDUtYjIzNmFmODcwYjhm 200
[debug] [2025-07-21T11:26:29.334Z] <<< [apiv2][body] GET https://firebase.googleapis.com/v1beta1/operations/workflows/M2ViYmRjN2EtODQyZS00NGQ5LTlmMDUtYjIzNmFmODcwYjhm {"name":"operations/workflows/M2ViYmRjN2EtODQyZS00NGQ5LTlmMDUtYjIzNmFmODcwYjhm"}
[debug] [2025-07-21T11:26:29.842Z] [Add Firebase Poller] Retrying task index 0
[debug] [2025-07-21T11:26:29.843Z] Checked if tokens are valid: true, expires at: 1753100728041
[debug] [2025-07-21T11:26:29.843Z] Checked if tokens are valid: true, expires at: 1753100728041
[debug] [2025-07-21T11:26:29.845Z] >>> [apiv2][query] GET https://firebase.googleapis.com/v1beta1/operations/workflows/M2ViYmRjN2EtODQyZS00NGQ5LTlmMDUtYjIzNmFmODcwYjhm [none]
[debug] [2025-07-21T11:26:30.566Z] <<< [apiv2][status] GET https://firebase.googleapis.com/v1beta1/operations/workflows/M2ViYmRjN2EtODQyZS00NGQ5LTlmMDUtYjIzNmFmODcwYjhm 200
[debug] [2025-07-21T11:26:30.566Z] <<< [apiv2][body] GET https://firebase.googleapis.com/v1beta1/operations/workflows/M2ViYmRjN2EtODQyZS00NGQ5LTlmMDUtYjIzNmFmODcwYjhm {"name":"operations/workflows/M2ViYmRjN2EtODQyZS00NGQ5LTlmMDUtYjIzNmFmODcwYjhm"}
[debug] [2025-07-21T11:26:31.568Z] [Add Firebase Poller] Retrying task index 0
[debug] [2025-07-21T11:26:31.568Z] Checked if tokens are valid: true, expires at: 1753100728041
[debug] [2025-07-21T11:26:31.569Z] Checked if tokens are valid: true, expires at: 1753100728041
[debug] [2025-07-21T11:26:31.569Z] >>> [apiv2][query] GET https://firebase.googleapis.com/v1beta1/operations/workflows/M2ViYmRjN2EtODQyZS00NGQ5LTlmMDUtYjIzNmFmODcwYjhm [none]
[debug] [2025-07-21T11:26:32.535Z] <<< [apiv2][status] GET https://firebase.googleapis.com/v1beta1/operations/workflows/M2ViYmRjN2EtODQyZS00NGQ5LTlmMDUtYjIzNmFmODcwYjhm 200
[debug] [2025-07-21T11:26:32.536Z] <<< [apiv2][body] GET https://firebase.googleapis.com/v1beta1/operations/workflows/M2ViYmRjN2EtODQyZS00NGQ5LTlmMDUtYjIzNmFmODcwYjhm {"name":"operations/workflows/M2ViYmRjN2EtODQyZS00NGQ5LTlmMDUtYjIzNmFmODcwYjhm"}
[debug] [2025-07-21T11:26:34.540Z] [Add Firebase Poller] Retrying task index 0
[debug] [2025-07-21T11:26:34.541Z] Checked if tokens are valid: true, expires at: 1753100728041
[debug] [2025-07-21T11:26:34.541Z] Checked if tokens are valid: true, expires at: 1753100728041
[debug] [2025-07-21T11:26:34.541Z] >>> [apiv2][query] GET https://firebase.googleapis.com/v1beta1/operations/workflows/M2ViYmRjN2EtODQyZS00NGQ5LTlmMDUtYjIzNmFmODcwYjhm [none]
[debug] [2025-07-21T11:26:35.082Z] <<< [apiv2][status] GET https://firebase.googleapis.com/v1beta1/operations/workflows/M2ViYmRjN2EtODQyZS00NGQ5LTlmMDUtYjIzNmFmODcwYjhm 200
[debug] [2025-07-21T11:26:35.083Z] <<< [apiv2][body] GET https://firebase.googleapis.com/v1beta1/operations/workflows/M2ViYmRjN2EtODQyZS00NGQ5LTlmMDUtYjIzNmFmODcwYjhm {"name":"operations/workflows/M2ViYmRjN2EtODQyZS00NGQ5LTlmMDUtYjIzNmFmODcwYjhm"}
[debug] [2025-07-21T11:26:39.097Z] [Add Firebase Poller] Retrying task index 0
[debug] [2025-07-21T11:26:39.097Z] Checked if tokens are valid: true, expires at: 1753100728041
[debug] [2025-07-21T11:26:39.098Z] Checked if tokens are valid: true, expires at: 1753100728041
[debug] [2025-07-21T11:26:39.098Z] >>> [apiv2][query] GET https://firebase.googleapis.com/v1beta1/operations/workflows/M2ViYmRjN2EtODQyZS00NGQ5LTlmMDUtYjIzNmFmODcwYjhm [none]
[debug] [2025-07-21T11:26:40.134Z] <<< [apiv2][status] GET https://firebase.googleapis.com/v1beta1/operations/workflows/M2ViYmRjN2EtODQyZS00NGQ5LTlmMDUtYjIzNmFmODcwYjhm 200
[debug] [2025-07-21T11:26:40.134Z] <<< [apiv2][body] GET https://firebase.googleapis.com/v1beta1/operations/workflows/M2ViYmRjN2EtODQyZS00NGQ5LTlmMDUtYjIzNmFmODcwYjhm {"name":"operations/workflows/M2ViYmRjN2EtODQyZS00NGQ5LTlmMDUtYjIzNmFmODcwYjhm"}
[debug] [2025-07-21T11:26:48.146Z] [Add Firebase Poller] Retrying task index 0
[debug] [2025-07-21T11:26:48.147Z] Checked if tokens are valid: true, expires at: 1753100728041
[debug] [2025-07-21T11:26:48.147Z] Checked if tokens are valid: true, expires at: 1753100728041
[debug] [2025-07-21T11:26:48.147Z] >>> [apiv2][query] GET https://firebase.googleapis.com/v1beta1/operations/workflows/M2ViYmRjN2EtODQyZS00NGQ5LTlmMDUtYjIzNmFmODcwYjhm [none]
[debug] [2025-07-21T11:26:49.544Z] <<< [apiv2][status] GET https://firebase.googleapis.com/v1beta1/operations/workflows/M2ViYmRjN2EtODQyZS00NGQ5LTlmMDUtYjIzNmFmODcwYjhm 200
[debug] [2025-07-21T11:26:49.545Z] <<< [apiv2][body] GET https://firebase.googleapis.com/v1beta1/operations/workflows/M2ViYmRjN2EtODQyZS00NGQ5LTlmMDUtYjIzNmFmODcwYjhm {"name":"operations/workflows/M2ViYmRjN2EtODQyZS00NGQ5LTlmMDUtYjIzNmFmODcwYjhm","done":true,"response":{"@type":"type.googleapis.com/google.firebase.service.v1beta1.FirebaseProject","projectId":"monitoringsuhu-be70","projectNumber":"287708063515","displayName":"monitoringsuhurumah","name":"projects/monitoringsuhu-be70","resources":{"hostingSite":"monitoringsuhu-be70"}}}
[info] 
[info] === Your Firebase project is ready! ===
[info] 
[info] Project information:
[info]    - Project ID: monitoringsuhu-be70
[info]    - Project Name: monitoringsuhurumah
[info] 
[info] Firebase console is available at
[info] https://console.firebase.google.com/project/monitoringsuhu-be70/overview
[info] i  Using project monitoringsuhu-be70 (monitoringsuhurumah) 
[info] 
=== Hosting Setup
[debug] [2025-07-21T11:26:49.562Z] Checked if tokens are valid: true, expires at: 1753100728041
[debug] [2025-07-21T11:26:49.562Z] Checked if tokens are valid: true, expires at: 1753100728041
[debug] [2025-07-21T11:26:49.562Z] >>> [apiv2][query] GET https://firebase.googleapis.com/v1beta1/projects/monitoringsuhu-be70 [none]
[debug] [2025-07-21T11:26:50.011Z] <<< [apiv2][status] GET https://firebase.googleapis.com/v1beta1/projects/monitoringsuhu-be70 200
[debug] [2025-07-21T11:26:50.011Z] <<< [apiv2][body] GET https://firebase.googleapis.com/v1beta1/projects/monitoringsuhu-be70 {"projectId":"monitoringsuhu-be70","projectNumber":"287708063515","displayName":"monitoringsuhurumah","name":"projects/monitoringsuhu-be70","resources":{"hostingSite":"monitoringsuhu-be70"},"state":"ACTIVE","etag":"1_09393d2b-e8fe-4c87-8bbf-cc1b748b023f"}
[info] 
[info] Your public directory is the folder (relative to your project directory) that
[info] will contain Hosting assets to be uploaded with firebase deploy. If you
[info] have a build process for your assets, use your build's output directory.
[info] 
[debug] [2025-07-21T11:27:40.315Z] >>> [apiv2][query] GET https://www.gstatic.com/firebasejs/releases.json [none]
[debug] [2025-07-21T11:27:40.482Z] <<< [apiv2][status] GET https://www.gstatic.com/firebasejs/releases.json 200
[debug] [2025-07-21T11:27:40.482Z] <<< [apiv2][body] GET https://www.gstatic.com/firebasejs/releases.json {"current":{"version":"12.0.0","browserURL":"https://www.gstatic.com/firebasejs/12.0.0/firebase.js","packageURL":"https://www.gstatic.com/firebasejs/12.0.0/firebase.tgz"},"live":{"version":"12.0","browserURL":"https://www.gstatic.com/firebasejs/live/12.0/firebase.js","packageURL":"https://www.gstatic.com/firebasejs/live/12.0/firebase.tgz"},"components":{"ai":"https://www.gstatic.com/firebasejs/12.0.0/firebase-ai.js","analytics":"https://www.gstatic.com/firebasejs/12.0.0/firebase-analytics.js","app":"https://www.gstatic.com/firebasejs/12.0.0/firebase-app.js","app-check":"https://www.gstatic.com/firebasejs/12.0.0/firebase-app-check.js","auth":"https://www.gstatic.com/firebasejs/12.0.0/firebase-auth.js","auth/cordova":"https://www.gstatic.com/firebasejs/12.0.0/firebase-auth/cordova.js","auth/web-extension":"https://www.gstatic.com/firebasejs/12.0.0/firebase-auth/web-extension.js","functions":"https://www.gstatic.com/firebasejs/12.0.0/firebase-functions.js","firestore":"https://www.gstatic.com/firebasejs/12.0.0/firebase-firestore.js","firestore/lite":"https://www.gstatic.com/firebasejs/12.0.0/firebase-firestore/lite.js","installations":"https://www.gstatic.com/firebasejs/12.0.0/firebase-installations.js","storage":"https://www.gstatic.com/firebasejs/12.0.0/firebase-storage.js","performance":"https://www.gstatic.com/firebasejs/12.0.0/firebase-performance.js","remote-config":"https://www.gstatic.com/firebasejs/12.0.0/firebase-remote-config.js","messaging":"https://www.gstatic.com/firebasejs/12.0.0/firebase-messaging.js","messaging/sw":"https://www.gstatic.com/firebasejs/12.0.0/firebase-messaging/sw.js","database":"https://www.gstatic.com/firebasejs/12.0.0/firebase-database.js","data-connect":"https://www.gstatic.com/firebasejs/12.0.0/firebase-data-connect.js","firestore.memory":"https://www.gstatic.com/firebasejs/12.0.0/firebase-firestore.memory.js"}}
[info] +  Wrote public/index.html 
[info] 
[info] i  Didn't detect a .git folder. Assuming D:\coba is the project root. 
[info] i  Authorizing with GitHub to upload your service account to a GitHub repository's secrets store. 
[info] 
[info] Visit this URL on this device to log in:
[info] https://github.com/login/oauth/authorize?client_id=89cf50f02ac6aaed3484&state=493895002&redirect_uri=http%3A%2F%2Flocalhost%3A9005&scope=read%3Auser%20repo%20public_repo
[info] 
[info] Waiting for authentication...
[debug] [2025-07-21T11:27:52.834Z] >>> [apiv2][query] POST https://github.com/login/oauth/access_token [none]
[debug] [2025-07-21T11:27:52.834Z] >>> [apiv2][body] POST https://github.com/login/oauth/access_token [stream]
[debug] [2025-07-21T11:27:53.269Z] <<< [apiv2][status] POST https://github.com/login/oauth/access_token 200
[debug] [2025-07-21T11:27:53.269Z] <<< [apiv2][body] POST https://github.com/login/oauth/access_token {"access_token":"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","token_type":"bearer","scope":"read:user,repo"}
[debug] [2025-07-21T11:27:53.273Z] >>> [apiv2][query] GET https://api.github.com/user [none]
[debug] [2025-07-21T11:27:53.768Z] <<< [apiv2][status] GET https://api.github.com/user 200
[debug] [2025-07-21T11:27:53.769Z] <<< [apiv2][body] GET https://api.github.com/user {"login":"rizkymaulana112","id":216974866,"node_id":"U_kgDODO7GEg","avatar_url":"https://avatars.githubusercontent.com/u/216974866?v=4","gravatar_id":"","url":"https://api.github.com/users/rizkymaulana112","html_url":"https://github.com/rizkymaulana112","followers_url":"https://api.github.com/users/rizkymaulana112/followers","following_url":"https://api.github.com/users/rizkymaulana112/following{/other_user}","gists_url":"https://api.github.com/users/rizkymaulana112/gists{/gist_id}","starred_url":"https://api.github.com/users/rizkymaulana112/starred{/owner}{/repo}","subscriptions_url":"https://api.github.com/users/rizkymaulana112/subscriptions","organizations_url":"https://api.github.com/users/rizkymaulana112/orgs","repos_url":"https://api.github.com/users/rizkymaulana112/repos","events_url":"https://api.github.com/users/rizkymaulana112/events{/privacy}","received_events_url":"https://api.github.com/users/rizkymaulana112/received_events","type":"User","user_view_type":"private","site_admin":false,"name":null,"company":null,"blog":"","location":null,"email":null,"hireable":null,"bio":null,"twitter_username":null,"notification_email":null,"public_repos":3,"public_gists":0,"followers":0,"following":0,"created_at":"2025-06-19T00:35:44Z","updated_at":"2025-07-10T15:01:42Z","private_gists":0,"total_private_repos":0,"owned_private_repos":0,"disk_usage":7384,"collaborators":0,"two_factor_authentication":false,"plan":{"name":"free","space":976562499,"collaborators":0,"private_repos":10000}}
[info] 
[info] +  Success! Logged into GitHub as rizkymaulana112 
[info] 
[debug] [2025-07-21T11:28:06.649Z] >>> [apiv2][query] GET https://api.github.com/repos//actions/secrets/public-key type=owner
[debug] [2025-07-21T11:28:07.026Z] <<< [apiv2][status] GET https://api.github.com/repos//actions/secrets/public-key 404
[debug] [2025-07-21T11:28:07.026Z] <<< [apiv2][body] GET https://api.github.com/repos//actions/secrets/public-key {"message":"Not Found","documentation_url":"https://docs.github.com/rest","status":"404"}
[info] 
[info] 
[error] !  The provided authorization cannot be used with this repository. If this repository is in an organization, did you remember to grant access? 
[info] 
[info] i  Action required: Visit this URL to ensure access has been granted to the appropriate organization(s) for the Firebase CLI GitHub OAuth App: 
[info] https://github.com/settings/connections/applications/89cf50f02ac6aaed3484
[info] 
[debug] [2025-07-21T11:28:18.977Z] >>> [apiv2][query] GET https://api.github.com/repos/monitoringsuhurumah/actions/secrets/public-key type=owner
[debug] [2025-07-21T11:28:19.356Z] <<< [apiv2][status] GET https://api.github.com/repos/monitoringsuhurumah/actions/secrets/public-key 404
[debug] [2025-07-21T11:28:19.356Z] <<< [apiv2][body] GET https://api.github.com/repos/monitoringsuhurumah/actions/secrets/public-key {"message":"Not Found","documentation_url":"https://docs.github.com/rest","status":"404"}
[info] 
[info] 
[error] !  The provided authorization cannot be used with this repository. If this repository is in an organization, did you remember to grant access? 
[info] 
[info] i  Action required: Visit this URL to ensure access has been granted to the appropriate organization(s) for the Firebase CLI GitHub OAuth App: 
[info] https://github.com/settings/connections/applications/89cf50f02ac6aaed3484
[info] 
[debug] [2025-07-21T11:28:21.583Z] >>> [apiv2][query] GET https://api.github.com/repos/monitoringsuhurumah /actions/secrets/public-key type=owner
[debug] [2025-07-21T11:28:21.944Z] <<< [apiv2][status] GET https://api.github.com/repos/monitoringsuhurumah /actions/secrets/public-key 404
[debug] [2025-07-21T11:28:21.945Z] <<< [apiv2][body] GET https://api.github.com/repos/monitoringsuhurumah /actions/secrets/public-key {"message":"Not Found","documentation_url":"https://docs.github.com/rest","status":"404"}
[info] 
[info] 
[error] !  The provided authorization cannot be used with this repository. If this repository is in an organization, did you remember to grant access? 
[info] 
[info] i  Action required: Visit this URL to ensure access has been granted to the appropriate organization(s) for the Firebase CLI GitHub OAuth App: 
[info] https://github.com/settings/connections/applications/89cf50f02ac6aaed3484
[info] 
[debug] [2025-07-21T11:28:31.857Z] >>> [apiv2][query] GET https://api.github.com/repos/monitoringsuhu/actions/secrets/public-key type=owner
[debug] [2025-07-21T11:28:32.238Z] <<< [apiv2][status] GET https://api.github.com/repos/monitoringsuhu/actions/secrets/public-key 404
[debug] [2025-07-21T11:28:32.238Z] <<< [apiv2][body] GET https://api.github.com/repos/monitoringsuhu/actions/secrets/public-key {"message":"Not Found","documentation_url":"https://docs.github.com/rest","status":"404"}
[info] 
[info] 
[error] !  The provided authorization cannot be used with this repository. If this repository is in an organization, did you remember to grant access? 
[info] 
[info] i  Action required: Visit this URL to ensure access has been granted to the appropriate organization(s) for the Firebase CLI GitHub OAuth App: 
[info] https://github.com/settings/connections/applications/89cf50f02ac6aaed3484
[info] 
[debug] [2025-07-21T11:29:04.893Z] >>> [apiv2][query] GET https://api.github.com/repos/rizky123/monitoringsuhu/actions/secrets/public-key type=owner
[debug] [2025-07-21T11:29:05.316Z] <<< [apiv2][status] GET https://api.github.com/repos/rizky123/monitoringsuhu/actions/secrets/public-key 404
[debug] [2025-07-21T11:29:05.316Z] <<< [apiv2][body] GET https://api.github.com/repos/rizky123/monitoringsuhu/actions/secrets/public-key {"message":"Not Found","documentation_url":"https://docs.github.com/rest/actions/secrets#get-a-repository-public-key","status":"404"}
[info] 
[info] 
[error] !  The provided authorization cannot be used with this repository. If this repository is in an organization, did you remember to grant access? 
[info] 
[info] i  Action required: Visit this URL to ensure access has been granted to the appropriate organization(s) for the Firebase CLI GitHub OAuth App: 
[info] https://github.com/settings/connections/applications/89cf50f02ac6aaed3484
[info] 
[debug] [2025-07-21T11:29:26.072Z] >>> [apiv2][query] GET https://api.github.com/repos/rizky123/monitoringsuhu/actions/secrets/public-key type=owner
[debug] [2025-07-21T11:29:26.465Z] <<< [apiv2][status] GET https://api.github.com/repos/rizky123/monitoringsuhu/actions/secrets/public-key 404
[debug] [2025-07-21T11:29:26.466Z] <<< [apiv2][body] GET https://api.github.com/repos/rizky123/monitoringsuhu/actions/secrets/public-key {"message":"Not Found","documentation_url":"https://docs.github.com/rest/actions/secrets#get-a-repository-public-key","status":"404"}
[info] 
[info] 
[error] !  The provided authorization cannot be used with this repository. If this repository is in an organization, did you remember to grant access? 
[info] 
[info] i  Action required: Visit this URL to ensure access has been granted to the appropriate organization(s) for the Firebase CLI GitHub OAuth App: 
[info] https://github.com/settings/connections/applications/89cf50f02ac6aaed3484
[info] 
[debug] [2025-07-21T11:29:37.525Z] >>> [apiv2][query] GET https://api.github.com/repos/user/monitoringsuhu/actions/secrets/public-key type=owner
[debug] [2025-07-21T11:29:37.929Z] <<< [apiv2][status] GET https://api.github.com/repos/user/monitoringsuhu/actions/secrets/public-key 404
[debug] [2025-07-21T11:29:37.929Z] <<< [apiv2][body] GET https://api.github.com/repos/user/monitoringsuhu/actions/secrets/public-key {"message":"Not Found","documentation_url":"https://docs.github.com/rest/actions/secrets#get-a-repository-public-key","status":"404"}
[info] 
[info] 
[error] !  The provided authorization cannot be used with this repository. If this repository is in an organization, did you remember to grant access? 
[info] 
[info] i  Action required: Visit this URL to ensure access has been granted to the appropriate organization(s) for the Firebase CLI GitHub OAuth App: 
[info] https://github.com/settings/connections/applications/89cf50f02ac6aaed3484
[info] 
[debug] [2025-07-21T11:30:55.472Z] >>> [apiv2][query] GET https://api.github.com/repos/rizkymaulana112/monitoringsuhu/actions/secrets/public-key type=owner
[debug] [2025-07-21T11:30:55.902Z] <<< [apiv2][status] GET https://api.github.com/repos/rizkymaulana112/monitoringsuhu/actions/secrets/public-key 404
[debug] [2025-07-21T11:30:55.902Z] <<< [apiv2][body] GET https://api.github.com/repos/rizkymaulana112/monitoringsuhu/actions/secrets/public-key {"message":"Not Found","documentation_url":"https://docs.github.com/rest/actions/secrets#get-a-repository-public-key","status":"404"}
[info] 
[info] 
[error] !  The provided authorization cannot be used with this repository. If this repository is in an organization, did you remember to grant access? 
[info] 
[info] i  Action required: Visit this URL to ensure access has been granted to the appropriate organization(s) for the Firebase CLI GitHub OAuth App: 
[info] https://github.com/settings/connections/applications/89cf50f02ac6aaed3484
[info] 
[debug] [2025-07-21T11:31:07.063Z] >>> [apiv2][query] GET https://api.github.com/repos/rizkymaulana112/monitoringsuhu/actions/secrets/public-key type=owner
[debug] [2025-07-21T11:31:07.448Z] <<< [apiv2][status] GET https://api.github.com/repos/rizkymaulana112/monitoringsuhu/actions/secrets/public-key 404
[debug] [2025-07-21T11:31:07.448Z] <<< [apiv2][body] GET https://api.github.com/repos/rizkymaulana112/monitoringsuhu/actions/secrets/public-key {"message":"Not Found","documentation_url":"https://docs.github.com/rest/actions/secrets#get-a-repository-public-key","status":"404"}
[info] 
[info] 
[error] !  The provided authorization cannot be used with this repository. If this repository is in an organization, did you remember to grant access? 
[info] 
[info] i  Action required: Visit this URL to ensure access has been granted to the appropriate organization(s) for the Firebase CLI GitHub OAuth App: 
[info] https://github.com/settings/connections/applications/89cf50f02ac6aaed3484
[info] 
